<?xml version="1.0" encoding="UTF-8"?>
<!-- Generated by org.testng.reporters.JUnitReportReporter -->
<testsuite hostname="DESKTOP-UIN043B" failures="0" tests="2" name="com.bangladesh.TestRunner.TestRunner_BD" time="12.959" errors="0" timestamp="2021-07-24T19:40:44 CDT" skipped="0">
  <testcase classname="com.bangladesh.TestRunner.TestRunner_BD" name="feature" time="5.712"/>
  <system-out/>
  <testcase classname="com.bangladesh.TestRunner.TestRunner_BD" name="feature" time="7.247"/>
  <system-out/>
</testsuite> <!-- com.bangladesh.TestRunner.TestRunner_BD -->
