<?xml version="1.0" encoding="UTF-8"?>
<!-- Generated by org.testng.reporters.JUnitReportReporter -->
<testsuite hostname="DESKTOP-UIN043B" failures="0" tests="2" name="com.bangladesh.TestRunner.TestRunner_BD" time="12.851" errors="0" timestamp="2021-07-24T00:22:58 CDT" skipped="0">
  <testcase classname="com.bangladesh.TestRunner.TestRunner_BD" name="feature" time="5.961"/>
  <system-out/>
  <testcase classname="com.bangladesh.TestRunner.TestRunner_BD" name="feature" time="6.890"/>
  <system-out/>
</testsuite> <!-- com.bangladesh.TestRunner.TestRunner_BD -->
